<?xml version="1.0" encoding="UTF-8"?>
<testng-results skipped="0" failed="0" total="1" passed="1">
  <reporter-output>
  </reporter-output>
  <suite name="Suite" duration-ms="12134" started-at="2019-02-25T15:45:18Z" finished-at="2019-02-25T15:45:30Z">
    <groups>
    </groups>
    <test name="Test" duration-ms="12134" started-at="2019-02-25T15:45:18Z" finished-at="2019-02-25T15:45:30Z">
      <class name="mavendemo.Demo1">
        <test-method status="PASS" signature="testA()[pri:0, instance:mavendemo.Demo1@675d3402]" name="testA" duration-ms="12103" started-at="2019-02-25T21:15:18Z" finished-at="2019-02-25T21:15:30Z">
          <reporter-output>
          </reporter-output>
        </test-method> <!-- testA -->
      </class> <!-- mavendemo.Demo1 -->
    </test> <!-- Test -->
  </suite> <!-- Suite -->
</testng-results>
